<?xml version="1.0" encoding="UTF-8"?>
<testng-results ignored="0" total="1" passed="1" failed="0" skipped="0">
  <reporter-output>
  </reporter-output>
  <suite started-at="2021-05-16T13:31:58 IST" name="Default suite" finished-at="2021-05-16T13:32:31 IST" duration-ms="33091">
    <groups>
    </groups>
    <test started-at="2021-05-16T13:31:58 IST" name="Default test" finished-at="2021-05-16T13:32:31 IST" duration-ms="33091">
      <class name="testscripts.PostFacebookStatus">
        <test-method is-config="true" signature="setup()[pri:0, instance:testscripts.PostFacebookStatus@4a668b6e]" started-at="2021-05-16T13:31:58 IST" name="setup" finished-at="2021-05-16T13:32:05 IST" duration-ms="6928" status="PASS">
          <reporter-output>
          </reporter-output>
        </test-method> <!-- setup -->
        <test-method signature="loginAndPostFacebookStatus()[pri:0, instance:testscripts.PostFacebookStatus@4a668b6e]" started-at="2021-05-16T13:32:05 IST" name="loginAndPostFacebookStatus" finished-at="2021-05-16T13:32:31 IST" duration-ms="26136" status="PASS">
          <reporter-output>
          </reporter-output>
        </test-method> <!-- loginAndPostFacebookStatus -->
        <test-method is-config="true" signature="teardown()[pri:0, instance:testscripts.PostFacebookStatus@4a668b6e]" started-at="2021-05-16T13:32:31 IST" name="teardown" finished-at="2021-05-16T13:32:31 IST" duration-ms="0" status="PASS">
          <reporter-output>
          </reporter-output>
        </test-method> <!-- teardown -->
      </class> <!-- testscripts.PostFacebookStatus -->
    </test> <!-- Default test -->
  </suite> <!-- Default suite -->
</testng-results>
